P:\VISUAL STUDIO\SERVER\SERVER\DEBUG\VC110.PDB
P:\VISUAL STUDIO\SERVER\SERVER\DEBUG\SERVER.OBJ
P:\VISUAL STUDIO\SERVER\SERVER\DEBUG\SERVERSAM.OBJ
P:\VISUAL STUDIO\SERVER\SERVER\DEBUG\ADDMESSAGE.OBJ
P:\VISUAL STUDIO\SERVER\SERVER\DEBUG\MESSAGE.OBJ
P:\VISUAL STUDIO\SERVER\SERVER\DEBUG\PARSING.OBJ
P:\VISUAL STUDIO\SERVER\SERVER\DEBUG\CONDUCTPROTOCOL.OBJ
P:\VISUAL STUDIO\SERVER\SERVER\DEBUG\MYTIMELINE.OBJ
P:\VISUAL STUDIO\SERVER\SERVER\DEBUG\FRIENDSTIMELINE.OBJ
P:\VISUAL STUDIO\SERVER\SERVER\DEBUG\DELETEMESSAGE.OBJ
P:\VISUAL STUDIO\SERVER\SERVER\DEBUG\INITIALIZESAMPLE.OBJ
P:\CMPARCHGIT\SERVER\SERVER\DEBUG\PARSING.OBJ
P:\CMPARCHGIT\SERVER\SERVER\DEBUG\VC110.PDB
P:\CMPARCHGIT\SERVER\SERVER\DEBUG\ADDMESSAGE.OBJ
P:\CMPARCHGIT\SERVER\SERVER\DEBUG\CONDUCTPROTOCOL.OBJ
P:\CMPARCHGIT\SERVER\SERVER\DEBUG\FRIENDSTIMELINE.OBJ
P:\CMPARCHGIT\SERVER\SERVER\DEBUG\MYTIMELINE.OBJ
P:\CMPARCHGIT\SERVER\SERVER\DEBUG\SERVER.OBJ
P:\CMPARCHGIT\SERVER\SERVER\DEBUG\INITIALIZESAMPLE.OBJ
P:\CMPARCHGIT\SERVER\SERVER\DEBUG\MESSAGE.OBJ
P:\CMPARCHGIT\SERVER\SERVER\DEBUG\DELETEMESSAGE.OBJ
P:\CMPARCHGIT\SERVER\SERVER\DEBUG\FOLLOW.OBJ
P:\VISUAL STUDIO\SERVER\DEBUG\SERVER.ILK
P:\VISUAL STUDIO\SERVER\DEBUG\SERVER.EXE
P:\VISUAL STUDIO\SERVER\DEBUG\SERVER.PDB
P:\CMPARCHGIT\SERVER\DEBUG\SERVER.ILK
P:\CMPARCHGIT\SERVER\DEBUG\SERVER.EXE
P:\CMPARCHGIT\SERVER\DEBUG\SERVER.PDB
P:\CmpArchGit\Server\Server\Debug\addMessage.obj
P:\CmpArchGit\Server\Server\Debug\ConductProtocol.obj
P:\CmpArchGit\Server\Server\Debug\deleteMessage.obj
P:\CmpArchGit\Server\Server\Debug\follow.obj
P:\CmpArchGit\Server\Server\Debug\friendsTimeline.obj
P:\CmpArchGit\Server\Server\Debug\InitializeSample.obj
P:\CmpArchGit\Server\Server\Debug\Message.obj
P:\CmpArchGit\Server\Server\Debug\myTimeline.obj
P:\CmpArchGit\Server\Server\Debug\Parsing.obj
P:\CmpArchGit\Server\Server\Debug\server.obj
P:\CmpArchGit\Server\Server\Debug\cl.command.1.tlog
P:\CmpArchGit\Server\Server\Debug\CL.read.1.tlog
P:\CmpArchGit\Server\Server\Debug\CL.write.1.tlog
P:\CmpArchGit\Server\Server\Debug\link-cvtres.read.1.tlog
P:\CmpArchGit\Server\Server\Debug\link-cvtres.write.1.tlog
P:\CmpArchGit\Server\Server\Debug\link-rc.read.1.tlog
P:\CmpArchGit\Server\Server\Debug\link-rc.write.1.tlog
P:\CmpArchGit\Server\Server\Debug\link.1720-cvtres.read.1.tlog
P:\CmpArchGit\Server\Server\Debug\link.1720-cvtres.write.1.tlog
P:\CmpArchGit\Server\Server\Debug\link.1720-rc.read.1.tlog
P:\CmpArchGit\Server\Server\Debug\link.1720-rc.write.1.tlog
P:\CmpArchGit\Server\Server\Debug\link.1720.read.1.tlog
P:\CmpArchGit\Server\Server\Debug\link.1720.write.1.tlog
P:\CmpArchGit\Server\Server\Debug\link.21056-cvtres.read.1.tlog
P:\CmpArchGit\Server\Server\Debug\link.21056-cvtres.write.1.tlog
P:\CmpArchGit\Server\Server\Debug\link.21056-rc.read.1.tlog
P:\CmpArchGit\Server\Server\Debug\link.21056-rc.write.1.tlog
P:\CmpArchGit\Server\Server\Debug\link.21056.read.1.tlog
P:\CmpArchGit\Server\Server\Debug\link.21056.write.1.tlog
P:\CmpArchGit\Server\Server\Debug\link.29320-cvtres.read.1.tlog
P:\CmpArchGit\Server\Server\Debug\link.29320-cvtres.write.1.tlog
P:\CmpArchGit\Server\Server\Debug\link.29320-rc.read.1.tlog
P:\CmpArchGit\Server\Server\Debug\link.29320-rc.write.1.tlog
P:\CmpArchGit\Server\Server\Debug\link.29320.read.1.tlog
P:\CmpArchGit\Server\Server\Debug\link.29320.write.1.tlog
P:\CmpArchGit\Server\Server\Debug\link.29708-cvtres.read.1.tlog
P:\CmpArchGit\Server\Server\Debug\link.29708-cvtres.write.1.tlog
P:\CmpArchGit\Server\Server\Debug\link.29708-rc.read.1.tlog
P:\CmpArchGit\Server\Server\Debug\link.29708-rc.write.1.tlog
P:\CmpArchGit\Server\Server\Debug\link.29708.read.1.tlog
P:\CmpArchGit\Server\Server\Debug\link.29708.write.1.tlog
P:\CmpArchGit\Server\Server\Debug\link.30512-cvtres.read.1.tlog
P:\CmpArchGit\Server\Server\Debug\link.30512-cvtres.write.1.tlog
P:\CmpArchGit\Server\Server\Debug\link.30512-rc.read.1.tlog
P:\CmpArchGit\Server\Server\Debug\link.30512-rc.write.1.tlog
P:\CmpArchGit\Server\Server\Debug\link.30512.read.1.tlog
P:\CmpArchGit\Server\Server\Debug\link.30512.write.1.tlog
P:\CmpArchGit\Server\Server\Debug\link.32200-cvtres.read.1.tlog
P:\CmpArchGit\Server\Server\Debug\link.32200-cvtres.write.1.tlog
P:\CmpArchGit\Server\Server\Debug\link.32200-rc.read.1.tlog
P:\CmpArchGit\Server\Server\Debug\link.32200-rc.write.1.tlog
P:\CmpArchGit\Server\Server\Debug\link.32200.read.1.tlog
P:\CmpArchGit\Server\Server\Debug\link.32200.write.1.tlog
P:\CmpArchGit\Server\Server\Debug\link.32928-cvtres.read.1.tlog
P:\CmpArchGit\Server\Server\Debug\link.32928-cvtres.write.1.tlog
P:\CmpArchGit\Server\Server\Debug\link.32928-rc.read.1.tlog
P:\CmpArchGit\Server\Server\Debug\link.32928-rc.write.1.tlog
P:\CmpArchGit\Server\Server\Debug\link.32928.read.1.tlog
P:\CmpArchGit\Server\Server\Debug\link.32928.write.1.tlog
P:\CmpArchGit\Server\Server\Debug\link.35740-cvtres.read.1.tlog
P:\CmpArchGit\Server\Server\Debug\link.35740-cvtres.write.1.tlog
P:\CmpArchGit\Server\Server\Debug\link.35740-rc.read.1.tlog
P:\CmpArchGit\Server\Server\Debug\link.35740-rc.write.1.tlog
P:\CmpArchGit\Server\Server\Debug\link.35740.read.1.tlog
P:\CmpArchGit\Server\Server\Debug\link.35740.write.1.tlog
P:\CmpArchGit\Server\Server\Debug\link.36200-cvtres.read.1.tlog
P:\CmpArchGit\Server\Server\Debug\link.36200-cvtres.write.1.tlog
P:\CmpArchGit\Server\Server\Debug\link.36200-rc.read.1.tlog
P:\CmpArchGit\Server\Server\Debug\link.36200-rc.write.1.tlog
P:\CmpArchGit\Server\Server\Debug\link.36200.read.1.tlog
P:\CmpArchGit\Server\Server\Debug\link.36200.write.1.tlog
P:\CmpArchGit\Server\Server\Debug\link.40192-cvtres.read.1.tlog
P:\CmpArchGit\Server\Server\Debug\link.40192-cvtres.write.1.tlog
P:\CmpArchGit\Server\Server\Debug\link.40192-rc.read.1.tlog
P:\CmpArchGit\Server\Server\Debug\link.40192-rc.write.1.tlog
P:\CmpArchGit\Server\Server\Debug\link.40192.read.1.tlog
P:\CmpArchGit\Server\Server\Debug\link.40192.write.1.tlog
P:\CmpArchGit\Server\Server\Debug\link.41160-cvtres.read.1.tlog
P:\CmpArchGit\Server\Server\Debug\link.41160-cvtres.write.1.tlog
P:\CmpArchGit\Server\Server\Debug\link.41160-rc.read.1.tlog
P:\CmpArchGit\Server\Server\Debug\link.41160-rc.write.1.tlog
P:\CmpArchGit\Server\Server\Debug\link.41160.read.1.tlog
P:\CmpArchGit\Server\Server\Debug\link.41160.write.1.tlog
P:\CmpArchGit\Server\Server\Debug\link.41540-cvtres.read.1.tlog
P:\CmpArchGit\Server\Server\Debug\link.41540-cvtres.write.1.tlog
P:\CmpArchGit\Server\Server\Debug\link.41540-rc.read.1.tlog
P:\CmpArchGit\Server\Server\Debug\link.41540-rc.write.1.tlog
P:\CmpArchGit\Server\Server\Debug\link.41540.read.1.tlog
P:\CmpArchGit\Server\Server\Debug\link.41540.write.1.tlog
P:\CmpArchGit\Server\Server\Debug\link.43600-cvtres.read.1.tlog
P:\CmpArchGit\Server\Server\Debug\link.43600-cvtres.write.1.tlog
P:\CmpArchGit\Server\Server\Debug\link.43600-rc.read.1.tlog
P:\CmpArchGit\Server\Server\Debug\link.43600-rc.write.1.tlog
P:\CmpArchGit\Server\Server\Debug\link.43600.read.1.tlog
P:\CmpArchGit\Server\Server\Debug\link.43600.write.1.tlog
P:\CmpArchGit\Server\Server\Debug\link.44316-cvtres.read.1.tlog
P:\CmpArchGit\Server\Server\Debug\link.44316-cvtres.write.1.tlog
P:\CmpArchGit\Server\Server\Debug\link.44316-rc.read.1.tlog
P:\CmpArchGit\Server\Server\Debug\link.44316-rc.write.1.tlog
P:\CmpArchGit\Server\Server\Debug\link.44316.read.1.tlog
P:\CmpArchGit\Server\Server\Debug\link.44316.write.1.tlog
P:\CmpArchGit\Server\Server\Debug\link.45840-cvtres.read.1.tlog
P:\CmpArchGit\Server\Server\Debug\link.45840-cvtres.write.1.tlog
P:\CmpArchGit\Server\Server\Debug\link.45840-rc.read.1.tlog
P:\CmpArchGit\Server\Server\Debug\link.45840-rc.write.1.tlog
P:\CmpArchGit\Server\Server\Debug\link.45840.read.1.tlog
P:\CmpArchGit\Server\Server\Debug\link.45840.write.1.tlog
P:\CmpArchGit\Server\Server\Debug\link.47940-cvtres.read.1.tlog
P:\CmpArchGit\Server\Server\Debug\link.47940-cvtres.write.1.tlog
P:\CmpArchGit\Server\Server\Debug\link.47940-rc.read.1.tlog
P:\CmpArchGit\Server\Server\Debug\link.47940-rc.write.1.tlog
P:\CmpArchGit\Server\Server\Debug\link.47940.read.1.tlog
P:\CmpArchGit\Server\Server\Debug\link.47940.write.1.tlog
P:\CmpArchGit\Server\Server\Debug\link.48320-cvtres.read.1.tlog
P:\CmpArchGit\Server\Server\Debug\link.48320-cvtres.write.1.tlog
P:\CmpArchGit\Server\Server\Debug\link.48320-rc.read.1.tlog
P:\CmpArchGit\Server\Server\Debug\link.48320-rc.write.1.tlog
P:\CmpArchGit\Server\Server\Debug\link.48320.read.1.tlog
P:\CmpArchGit\Server\Server\Debug\link.48320.write.1.tlog
P:\CmpArchGit\Server\Server\Debug\link.50956-cvtres.read.1.tlog
P:\CmpArchGit\Server\Server\Debug\link.50956-cvtres.write.1.tlog
P:\CmpArchGit\Server\Server\Debug\link.50956-rc.read.1.tlog
P:\CmpArchGit\Server\Server\Debug\link.50956-rc.write.1.tlog
P:\CmpArchGit\Server\Server\Debug\link.50956.read.1.tlog
P:\CmpArchGit\Server\Server\Debug\link.50956.write.1.tlog
P:\CmpArchGit\Server\Server\Debug\link.51344-cvtres.read.1.tlog
P:\CmpArchGit\Server\Server\Debug\link.51344-cvtres.write.1.tlog
P:\CmpArchGit\Server\Server\Debug\link.51344-rc.read.1.tlog
P:\CmpArchGit\Server\Server\Debug\link.51344-rc.write.1.tlog
P:\CmpArchGit\Server\Server\Debug\link.51344.read.1.tlog
P:\CmpArchGit\Server\Server\Debug\link.51344.write.1.tlog
P:\CmpArchGit\Server\Server\Debug\link.60532-cvtres.read.1.tlog
P:\CmpArchGit\Server\Server\Debug\link.60532-cvtres.write.1.tlog
P:\CmpArchGit\Server\Server\Debug\link.60532-rc.read.1.tlog
P:\CmpArchGit\Server\Server\Debug\link.60532-rc.write.1.tlog
P:\CmpArchGit\Server\Server\Debug\link.60532.read.1.tlog
P:\CmpArchGit\Server\Server\Debug\link.60532.write.1.tlog
P:\CmpArchGit\Server\Server\Debug\link.65616-cvtres.read.1.tlog
P:\CmpArchGit\Server\Server\Debug\link.65616-cvtres.write.1.tlog
P:\CmpArchGit\Server\Server\Debug\link.65616-rc.read.1.tlog
P:\CmpArchGit\Server\Server\Debug\link.65616-rc.write.1.tlog
P:\CmpArchGit\Server\Server\Debug\link.65616.read.1.tlog
P:\CmpArchGit\Server\Server\Debug\link.65616.write.1.tlog
P:\CmpArchGit\Server\Server\Debug\link.73220-cvtres.read.1.tlog
P:\CmpArchGit\Server\Server\Debug\link.73220-cvtres.write.1.tlog
P:\CmpArchGit\Server\Server\Debug\link.73220-rc.read.1.tlog
P:\CmpArchGit\Server\Server\Debug\link.73220-rc.write.1.tlog
P:\CmpArchGit\Server\Server\Debug\link.73220.read.1.tlog
P:\CmpArchGit\Server\Server\Debug\link.73220.write.1.tlog
P:\CmpArchGit\Server\Server\Debug\link.9212-cvtres.read.1.tlog
P:\CmpArchGit\Server\Server\Debug\link.9212-cvtres.write.1.tlog
P:\CmpArchGit\Server\Server\Debug\link.9212-rc.read.1.tlog
P:\CmpArchGit\Server\Server\Debug\link.9212-rc.write.1.tlog
P:\CmpArchGit\Server\Server\Debug\link.9212.read.1.tlog
P:\CmpArchGit\Server\Server\Debug\link.9212.write.1.tlog
P:\CmpArchGit\Server\Server\Debug\link.command.1.tlog
P:\CmpArchGit\Server\Server\Debug\link.read.1.tlog
P:\CmpArchGit\Server\Server\Debug\link.write.1.tlog
P:\CmpArchGit\Server\Server\Debug\vc110.idb
P:\CmpArchGit\Server\Server\Debug\vc110.pdb
P:\CmpArchGit\Server\Debug\Server.pdb
P:\CmpArchGit\Server\Debug\Server.exe
P:\CmpArchGit\Server\Debug\Server.ilk
